dmfldr: 2022-05-22 08:30:43 SYSDBA->TEST 获取表信息失败
dmfldr: 2022-05-22 08:30:43 SYSDBA->TEST 对象不存在
dmfldr: 2022-05-22 08:30:43 SYSDBA->TEST 一般错误
dmfldr: 2022-05-23 07:25:02 SYSDBA->TEST 数据转换失败
dmfldr: 2022-05-23 07:30:01 SYSDBA->TEST 数据转换失败
dmfldr: 2022-05-23 07:32:55 SYSDBA->TEST 数据转换失败
dmfldr: 2022-05-24 08:35:45 SYSDBA->FLDRTEST 第[0]行，第[2]列出现数据转换错误[-6101]:
dmfldr: 2022-05-24 08:35:45 SYSDBA->FLDRTEST 第[1]行，第[2]列出现数据转换错误[-6101]:
dmfldr: 2022-05-24 08:35:45 SYSDBA->FLDRTEST 第[2]行，第[2]列出现数据转换错误[-6101]:
dmfldr: 2022-05-24 08:35:45 SYSDBA->FLDRTEST 第[3]行，第[2]列出现数据转换错误[-6101]:
dmfldr: 2022-05-24 08:35:45 SYSDBA->FLDRTEST 第[4]行，第[2]列出现数据转换错误[-6101]:
dmfldr: 2022-05-24 08:35:45 SYSDBA->FLDRTEST 第[5]行，第[2]列出现数据转换错误[-6101]:
dmfldr: 2022-05-24 08:35:45 SYSDBA->FLDRTEST 第[6]行，第[2]列出现数据转换错误[-6101]:
dmfldr: 2022-05-24 08:35:45 SYSDBA->FLDRTEST 第[7]行，第[2]列出现数据转换错误[-6101]:
dmfldr: 2022-05-24 08:35:45 SYSDBA->FLDRTEST 第[8]行，第[2]列出现数据转换错误[-6101]:
dmfldr: 2022-05-24 08:35:45 SYSDBA->FLDRTEST 第[9]行，第[2]列出现数据转换错误[-6101]:
dmfldr: 2022-05-24 08:37:21 SYSDBA->FLDRTEST 第[0]行，第[2]列出现数据转换错误[-6101]:
dmfldr: 2022-05-24 08:37:21 SYSDBA->FLDRTEST 第[1]行，第[2]列出现数据转换错误[-6101]:
dmfldr: 2022-05-24 08:37:21 SYSDBA->FLDRTEST 第[2]行，第[2]列出现数据转换错误[-6101]:
dmfldr: 2022-05-24 08:37:21 SYSDBA->FLDRTEST 第[3]行，第[2]列出现数据转换错误[-6101]:
dmfldr: 2022-05-24 08:37:21 SYSDBA->FLDRTEST 第[4]行，第[2]列出现数据转换错误[-6101]:
dmfldr: 2022-05-24 08:37:21 SYSDBA->FLDRTEST 第[5]行，第[2]列出现数据转换错误[-6101]:
dmfldr: 2022-05-24 08:37:21 SYSDBA->FLDRTEST 第[6]行，第[2]列出现数据转换错误[-6101]:
dmfldr: 2022-05-24 08:37:21 SYSDBA->FLDRTEST 第[7]行，第[2]列出现数据转换错误[-6101]:
dmfldr: 2022-05-24 08:37:21 SYSDBA->FLDRTEST 第[8]行，第[2]列出现数据转换错误[-6101]:
dmfldr: 2022-05-24 08:37:21 SYSDBA->FLDRTEST 第[9]行，第[2]列出现数据转换错误[-6101]:
dmfldr: 2022-05-24 09:24:36 SYSDBA->FLDRTEST 第[0]行，第[8]列出现数据转换错误[-6108]:
dmfldr: 2022-05-24 09:24:36 SYSDBA->FLDRTEST 第[1]行，第[8]列出现数据转换错误[-6108]:
dmfldr: 2022-05-24 09:24:36 SYSDBA->FLDRTEST 第[2]行，第[8]列出现数据转换错误[-6108]:
dmfldr: 2022-05-24 09:24:36 SYSDBA->FLDRTEST 第[3]行，第[8]列出现数据转换错误[-6108]:
dmfldr: 2022-05-24 09:24:36 SYSDBA->FLDRTEST 第[4]行，第[8]列出现数据转换错误[-6108]:
dmfldr: 2022-05-24 09:24:36 SYSDBA->FLDRTEST 第[5]行，第[8]列出现数据转换错误[-6108]:
dmfldr: 2022-05-24 09:24:36 SYSDBA->FLDRTEST 第[6]行，第[8]列出现数据转换错误[-6108]:
dmfldr: 2022-05-24 09:24:36 SYSDBA->FLDRTEST 第[7]行，第[8]列出现数据转换错误[-6108]:
dmfldr: 2022-05-24 09:24:36 SYSDBA->FLDRTEST 第[8]行，第[8]列出现数据转换错误[-6108]:
dmfldr: 2022-05-24 09:24:36 SYSDBA->FLDRTEST 第[9]行，第[8]列出现数据转换错误[-6108]:
